2023-03-15 19:20:28.410 [info] Added views:workbench.panel.markers.view in workbench.panel.markers
2023-03-15 19:20:28.410 [info] Added views:workbench.panel.output in workbench.panel.output
2023-03-15 19:20:28.410 [info] Added views:terminal in terminal
2023-03-15 19:20:28.410 [info] Added views:outline in workbench.view.explorer
2023-03-15 19:20:28.410 [info] Added views:workbench.scm in workbench.view.scm
2023-03-15 19:20:28.410 [info] Added views:workbench.view.search in workbench.view.search
2023-03-15 19:20:28.410 [info] Added views:timeline in workbench.view.explorer
2023-03-15 19:20:28.410 [info] Added views:workbench.explorer.emptyView in workbench.view.explorer
2023-03-15 19:20:29.361 [info] Added views:workbench.debug.variablesView,workbench.debug.watchExpressionsView,workbench.debug.callStackView,workbench.debug.breakPointsView in workbench.view.debug
2023-03-15 19:20:30.416 [info] Added views:workbench.panel.repl.view in workbench.panel.repl
2023-03-15 19:20:30.417 [info] Removed views:workbench.debug.breakPointsView,workbench.debug.callStackView,workbench.debug.watchExpressionsView,workbench.debug.variablesView from workbench.view.debug
2023-03-15 19:20:30.419 [info] Added views:workbench.debug.welcome in workbench.view.debug
2023-03-15 19:20:55.338 [info] Added views:workbench.panel.markers.view in workbench.panel.markers
2023-03-15 19:20:55.338 [info] Added views:workbench.panel.output in workbench.panel.output
2023-03-15 19:20:55.338 [info] Added views:terminal in terminal
2023-03-15 19:20:55.338 [info] Added views:outline in workbench.view.explorer
2023-03-15 19:20:55.338 [info] Added views:workbench.scm in workbench.view.scm
2023-03-15 19:20:55.338 [info] Added views:workbench.view.search in workbench.view.search
2023-03-15 19:20:55.338 [info] Added views:timeline in workbench.view.explorer
2023-03-15 19:20:55.338 [info] Added views:workbench.explorer.fileView in workbench.view.explorer
2023-03-15 19:20:55.904 [info] Added views:workbench.debug.variablesView,workbench.debug.watchExpressionsView,workbench.debug.callStackView,workbench.debug.breakPointsView in workbench.view.debug
2023-03-15 19:20:56.809 [info] Added views:workbench.panel.repl.view in workbench.panel.repl
2023-03-15 19:20:56.812 [info] Removed views:workbench.debug.breakPointsView,workbench.debug.callStackView,workbench.debug.watchExpressionsView,workbench.debug.variablesView from workbench.view.debug
2023-03-15 19:20:56.814 [info] Added views:workbench.debug.welcome in workbench.view.debug
