2023-03-15 19:20:30.104 [info] Extension host with pid 2456 started
2023-03-15 19:20:30.420 [info] ExtensionService#_doActivateExtension vscode.emmet, startup: false, activationEvent: 'onLanguage'
2023-03-15 19:20:30.470 [info] ExtensionService#_doActivateExtension vscode.github-authentication, startup: false, activationEvent: 'onAuthenticationRequest:github'
2023-03-15 19:20:30.602 [info] ExtensionService#_doActivateExtension vscode.git-base, startup: true, activationEvent: '*', root cause: vscode.git
2023-03-15 19:20:30.614 [info] ExtensionService#_doActivateExtension apility.beautify-blade, startup: true, activationEvent: '*'
2023-03-15 19:20:31.249 [info] ExtensionService#_doActivateExtension Atishay-Jain.All-Autocomplete, startup: true, activationEvent: '*'
2023-03-15 19:20:31.324 [info] ExtensionService#_doActivateExtension michelemelluso.code-beautifier, startup: true, activationEvent: '*'
2023-03-15 19:20:31.496 [error] Activating extension Atishay-Jain.All-Autocomplete failed due to an error:
2023-03-15 19:20:31.496 [error] TypeError: Cannot read properties of undefined (reading 'forEach')
	at Object.init (c:\Users\RomKom\.vscode\extensions\atishay-jain.all-autocomplete-0.0.26\dist\extension.js:2:14943)
	at c:\Users\RomKom\.vscode\extensions\atishay-jain.all-autocomplete-0.0.26\dist\extension.js:2:19933
	at Generator.next (<anonymous>)
	at c:\Users\RomKom\.vscode\extensions\atishay-jain.all-autocomplete-0.0.26\dist\extension.js:2:17665
	at new Promise (<anonymous>)
	at n (c:\Users\RomKom\.vscode\extensions\atishay-jain.all-autocomplete-0.0.26\dist\extension.js:2:17410)
	at e.activate (c:\Users\RomKom\.vscode\extensions\atishay-jain.all-autocomplete-0.0.26\dist\extension.js:2:19888)
	at Ui.db (c:\Users\RomKom\AppData\Local\Programs\Microsoft VS Code\resources\app\out\vs\workbench\api\node\extensionHostProcess.js:108:14833)
	at Ui.cb (c:\Users\RomKom\AppData\Local\Programs\Microsoft VS Code\resources\app\out\vs\workbench\api\node\extensionHostProcess.js:108:14532)
	at c:\Users\RomKom\AppData\Local\Programs\Microsoft VS Code\resources\app\out\vs\workbench\api\node\extensionHostProcess.js:108:12550
	at async f.n (c:\Users\RomKom\AppData\Local\Programs\Microsoft VS Code\resources\app\out\vs\workbench\api\node\extensionHostProcess.js:94:6818)
	at async f.m (c:\Users\RomKom\AppData\Local\Programs\Microsoft VS Code\resources\app\out\vs\workbench\api\node\extensionHostProcess.js:94:6781)
	at async f.l (c:\Users\RomKom\AppData\Local\Programs\Microsoft VS Code\resources\app\out\vs\workbench\api\node\extensionHostProcess.js:94:6238)
2023-03-15 19:20:31.512 [info] ExtensionService#_doActivateExtension vscode.git, startup: true, activationEvent: '*'
2023-03-15 19:20:31.660 [info] ExtensionService#_doActivateExtension vscode.github, startup: true, activationEvent: '*'
2023-03-15 19:20:31.891 [info] ExtensionService#_doActivateExtension vscode.microsoft-authentication, startup: false, activationEvent: 'onAuthenticationRequest:microsoft'
2023-03-15 19:20:31.973 [info] Eager extensions activated
2023-03-15 19:20:32.003 [info] ExtensionService#_doActivateExtension vscode.debug-auto-launch, startup: false, activationEvent: 'onStartupFinished'
2023-03-15 19:20:32.019 [info] ExtensionService#_doActivateExtension vscode.merge-conflict, startup: false, activationEvent: 'onStartupFinished'
2023-03-15 19:20:32.045 [info] ExtensionService#_doActivateExtension ms-vscode-remote.remote-wsl-recommender, startup: false, activationEvent: 'onStartupFinished'
2023-03-15 19:20:36.826 [info] ExtensionService#_doActivateExtension vscode.configuration-editing, startup: false, activationEvent: 'onLanguage:jsonc'
2023-03-15 19:20:36.847 [info] ExtensionService#_doActivateExtension vscode.json-language-features, startup: false, activationEvent: 'onLanguage:jsonc'
2023-03-15 19:20:36.918 [info] ExtensionService#_doActivateExtension vscode.typescript-language-features, startup: false, activationEvent: 'onLanguage:jsonc'
2023-03-15 19:20:54.418 [info] Extension host terminating: renderer closed the MessagePort
2023-03-15 19:20:54.455 [info] Extension host with pid 2456 exiting with code 0
2023-03-15 19:20:56.649 [info] Extension host with pid 10752 started
2023-03-15 19:20:56.649 [info] Skipping acquiring lock for f:\react\react-mebel\src\PATH_TO_SOME_FOLDER_WHERE_VSCODE_WILL_STORE_TMP_DATA\User\workspaceStorage\af7817f46664ceaad463eb64777240de.
2023-03-15 19:20:56.808 [info] ExtensionService#_doActivateExtension vscode.emmet, startup: false, activationEvent: 'onLanguage'
2023-03-15 19:20:56.817 [info] ExtensionService#_doActivateExtension vscode.github-authentication, startup: false, activationEvent: 'onAuthenticationRequest:github'
2023-03-15 19:20:56.858 [info] ExtensionService#_doActivateExtension vscode.git-base, startup: true, activationEvent: '*'
2023-03-15 19:20:56.862 [info] ExtensionService#_doActivateExtension vscode.npm, startup: true, activationEvent: 'workspaceContains:package.json'
2023-03-15 19:20:57.013 [info] ExtensionService#_doActivateExtension vscode.github, startup: true, activationEvent: '*'
2023-03-15 19:20:57.058 [info] ExtensionService#_doActivateExtension vscode.microsoft-authentication, startup: false, activationEvent: 'onAuthenticationRequest:microsoft'
2023-03-15 19:20:57.185 [info] Eager extensions activated
2023-03-15 19:20:57.193 [info] ExtensionService#_doActivateExtension vscode.debug-auto-launch, startup: false, activationEvent: 'onStartupFinished'
2023-03-15 19:20:57.198 [info] ExtensionService#_doActivateExtension vscode.merge-conflict, startup: false, activationEvent: 'onStartupFinished'
2023-03-15 19:20:57.208 [info] ExtensionService#_doActivateExtension ms-vscode-remote.remote-wsl-recommender, startup: false, activationEvent: 'onStartupFinished'
2023-03-15 19:21:01.639 [info] ExtensionService#_doActivateExtension vscode.git, startup: false, activationEvent: 'api', root cause: vscode.github
2023-03-15 19:21:01.697 [info] ExtensionService#_doActivateExtension apility.beautify-blade, startup: false, activationEvent: '*'
2023-03-15 19:21:01.832 [info] ExtensionService#_doActivateExtension Atishay-Jain.All-Autocomplete, startup: false, activationEvent: '*'
2023-03-15 19:21:01.839 [info] ExtensionService#_doActivateExtension michelemelluso.code-beautifier, startup: false, activationEvent: '*'
2023-03-15 19:21:16.429 [info] Extension host terminating: renderer closed the MessagePort
2023-03-15 19:21:16.456 [info] Extension host with pid 10752 exiting with code 0
